/Users/James/support-management-system/backend/server.py:77: DeprecationWarning: 
        on_event is deprecated, use lifespan event handlers instead.

        Read more about it in the
        [FastAPI docs for Lifespan Events](https://fastapi.tiangolo.com/advanced/events/).
        
  @app.on_event("startup")
/Users/James/support-management-system/backend/server.py:87: DeprecationWarning: 
        on_event is deprecated, use lifespan event handlers instead.

        Read more about it in the
        [FastAPI docs for Lifespan Events](https://fastapi.tiangolo.com/advanced/events/).
        
  @app.on_event("shutdown")
INFO:     Started server process [48452]
INFO:     Waiting for application startup.
INFO:__main__:Loaded roster data from /Users/James/support-management-system/backend/roster_data.json
INFO:__main__:Application started successfully - using Supabase database
INFO:     Application startup complete.
INFO:     Uvicorn running on http://0.0.0.0:8001 (Press CTRL+C to quit)
INFO:     127.0.0.1:49351 - "GET /api/roster/weekB HTTP/1.1" 200 OK
INFO:__main__:Saved roster data to /Users/James/support-management-system/backend/roster_data.json
INFO:__main__:Updated roster weekB with 4 participants
INFO:     127.0.0.1:49352 - "POST /api/roster/weekB HTTP/1.1" 200 OK
INFO:httpx:HTTP Request: GET https://vskqemnnjozeirizbutj.supabase.co/rest/v1/participants?select=%2A "HTTP/2 200 OK"
INFO:     127.0.0.1:49453 - "GET /api/participants HTTP/1.1" 200 OK
INFO:httpx:HTTP Request: GET https://vskqemnnjozeirizbutj.supabase.co/rest/v1/support_workers?select=%2A&status=neq.Inactive&order=full_name.asc "HTTP/2 200 OK"
INFO:httpx:HTTP Request: GET https://vskqemnnjozeirizbutj.supabase.co/rest/v1/unavailability_periods?select=%2A&worker_id=eq.117 "HTTP/2 200 OK"
INFO:httpx:HTTP Request: GET https://vskqemnnjozeirizbutj.supabase.co/rest/v1/unavailability_periods?select=%2A&worker_id=eq.118 "HTTP/2 200 OK"
INFO:httpx:HTTP Request: GET https://vskqemnnjozeirizbutj.supabase.co/rest/v1/unavailability_periods?select=%2A&worker_id=eq.119 "HTTP/2 200 OK"
INFO:httpx:HTTP Request: GET https://vskqemnnjozeirizbutj.supabase.co/rest/v1/unavailability_periods?select=%2A&worker_id=eq.120 "HTTP/2 200 OK"
INFO:httpx:HTTP Request: GET https://vskqemnnjozeirizbutj.supabase.co/rest/v1/unavailability_periods?select=%2A&worker_id=eq.121 "HTTP/2 200 OK"
INFO:httpx:HTTP Request: GET https://vskqemnnjozeirizbutj.supabase.co/rest/v1/unavailability_periods?select=%2A&worker_id=eq.123 "HTTP/2 200 OK"
INFO:httpx:HTTP Request: GET https://vskqemnnjozeirizbutj.supabase.co/rest/v1/unavailability_periods?select=%2A&worker_id=eq.122 "HTTP/2 200 OK"
INFO:httpx:HTTP Request: GET https://vskqemnnjozeirizbutj.supabase.co/rest/v1/unavailability_periods?select=%2A&worker_id=eq.124 "HTTP/2 200 OK"
INFO:httpx:HTTP Request: GET https://vskqemnnjozeirizbutj.supabase.co/rest/v1/unavailability_periods?select=%2A&worker_id=eq.125 "HTTP/2 200 OK"
INFO:httpx:HTTP Request: GET https://vskqemnnjozeirizbutj.supabase.co/rest/v1/unavailability_periods?select=%2A&worker_id=eq.126 "HTTP/2 200 OK"
INFO:httpx:HTTP Request: GET https://vskqemnnjozeirizbutj.supabase.co/rest/v1/unavailability_periods?select=%2A&worker_id=eq.127 "HTTP/2 200 OK"
INFO:httpx:HTTP Request: GET https://vskqemnnjozeirizbutj.supabase.co/rest/v1/unavailability_periods?select=%2A&worker_id=eq.128 "HTTP/2 200 OK"
INFO:httpx:HTTP Request: GET https://vskqemnnjozeirizbutj.supabase.co/rest/v1/unavailability_periods?select=%2A&worker_id=eq.129 "HTTP/2 200 OK"
INFO:httpx:HTTP Request: GET https://vskqemnnjozeirizbutj.supabase.co/rest/v1/unavailability_periods?select=%2A&worker_id=eq.130 "HTTP/2 200 OK"
INFO:httpx:HTTP Request: GET https://vskqemnnjozeirizbutj.supabase.co/rest/v1/unavailability_periods?select=%2A&worker_id=eq.131 "HTTP/2 200 OK"
INFO:httpx:HTTP Request: GET https://vskqemnnjozeirizbutj.supabase.co/rest/v1/unavailability_periods?select=%2A&worker_id=eq.132 "HTTP/2 200 OK"
INFO:httpx:HTTP Request: GET https://vskqemnnjozeirizbutj.supabase.co/rest/v1/unavailability_periods?select=%2A&worker_id=eq.139 "HTTP/2 200 OK"
INFO:httpx:HTTP Request: GET https://vskqemnnjozeirizbutj.supabase.co/rest/v1/unavailability_periods?select=%2A&worker_id=eq.133 "HTTP/2 200 OK"
INFO:httpx:HTTP Request: GET https://vskqemnnjozeirizbutj.supabase.co/rest/v1/unavailability_periods?select=%2A&worker_id=eq.134 "HTTP/2 200 OK"
INFO:httpx:HTTP Request: GET https://vskqemnnjozeirizbutj.supabase.co/rest/v1/unavailability_periods?select=%2A&worker_id=eq.135 "HTTP/2 200 OK"
INFO:httpx:HTTP Request: GET https://vskqemnnjozeirizbutj.supabase.co/rest/v1/unavailability_periods?select=%2A&worker_id=eq.136 "HTTP/2 200 OK"
INFO:httpx:HTTP Request: GET https://vskqemnnjozeirizbutj.supabase.co/rest/v1/unavailability_periods?select=%2A&worker_id=eq.137 "HTTP/2 200 OK"
INFO:httpx:HTTP Request: GET https://vskqemnnjozeirizbutj.supabase.co/rest/v1/unavailability_periods?select=%2A&worker_id=eq.138 "HTTP/2 200 OK"
INFO:     127.0.0.1:49454 - "GET /api/workers HTTP/1.1" 200 OK
INFO:httpx:HTTP Request: GET https://vskqemnnjozeirizbutj.supabase.co/rest/v1/locations?select=%2A "HTTP/2 200 OK"
INFO:     127.0.0.1:49456 - "GET /api/locations HTTP/1.1" 200 OK
INFO:     127.0.0.1:49457 - "GET /api/roster/weekB HTTP/1.1" 200 OK
INFO:     Shutting down
INFO:     Waiting for application shutdown.
INFO:__main__:Application shutdown
INFO:     Application shutdown complete.
INFO:     Finished server process [48452]
